<?xml version="1.0" encoding="UTF-8"?>
<!-- Generated by org.testng.reporters.JUnitXMLReporter -->
<testsuite ignored="0" hostname="DESKTOP-LHMO7C5" failures="1" tests="1" name="Surefire test" time="15.135" errors="0" timestamp="2024-10-18T21:34:54 IST">
  <testcase classname="io.cucumber.testng.AbstractTestNGCucumberTests" name="runScenario" time="12.857">
    <failure type="java.lang.RuntimeException" message="Property code is not specified in the creds file">
      <![CDATA[java.lang.RuntimeException: Property code is not specified in the creds file
at utilities.CredsLoader.getProperty(CredsLoader.java:18)
at scenarios.stepDefinitions.Login.LoginStepDef.logInToDMS(LoginStepDef.java:38)
at âœ½.Log In to DMS(file:///C:/Users/Admin/Downloads/KooversWeb-master/src/test/java/scenarios/features/Login/Login.feature:5)
]]>
    </failure>
  </testcase> <!-- runScenario -->
</testsuite> <!-- Surefire test -->
